<?xml version="1.0" encoding="UTF-8"?>
<!-- Generated by org.testng.reporters.JUnitReportReporter -->
<testsuite skipped="0" hostname="Praveen-Jaiswal" name="TestCaseM10.Buy1Get2TC" tests="1" failures="0" timestamp="2023-03-10T17:31:42 IST" time="46.388" errors="0">
  <testcase name="verifyBuy1Get2FlowTC" time="46.388" classname="TestCaseM10.Buy1Get2TC"/>
  <system-out/>
</testsuite> <!-- TestCaseM10.Buy1Get2TC -->
