<?xml version="1.0" encoding="UTF-8"?>
<!-- Generated by org.testng.reporters.JUnitReportReporter -->
<testsuite skipped="0" hostname="Praveen-Jaiswal" name="TestCaseM10.Buy1Get2" tests="1" failures="0" timestamp="2023-03-10T12:38:53 IST" time="23.833" errors="0">
  <testcase name="verifyBuy1Get2" time="23.833" classname="TestCaseM10.Buy1Get2"/>
  <system-out/>
</testsuite> <!-- TestCaseM10.Buy1Get2 -->
